 
****************************************
Report : area
Design : my_adder
Version: V-2023.12-SP5
Date   : Mon Apr  7 23:04:40 2025
****************************************

Information: Updating design information... (UID-85)
Library(s) Used:

    saed32lvt_tt0p85v25c (File: /cae/apps/data/saed32_edk-2023/lib/stdcell_lvt/db_nldm/saed32lvt_tt0p85v25c.db)

Number of ports:                           58
Number of nets:                            86
Number of cells:                           36
Number of combinational cells:             10
Number of sequential cells:                24
Number of macros/black boxes:               0
Number of buf/inv:                          1
Number of references:                       3

Combinational area:                 42.187903
Buf/Inv area:                        2.033152
Noncombinational area:             219.580421
Macro/Black Box area:                0.000000
Net Interconnect area:              51.003873

Total cell area:                   261.768324
Total area:                        312.772197
1
